2017-08-01 10:48:19,745 INFO 5277 [egg:logger] init all loggers with options: {"dir":"/Users/zhanglitao/git/egg-example/logs/egg-example","encoding":"utf8","env":"unittest","level":"INFO","consoleLevel":"WARN","disableConsoleAfterReady":false,"outputJSON":false,"buffer":false,"appLogName":"egg-example-web.log","coreLogName":"egg-web.log","agentLogName":"egg-agent.log","errorLogName":"common-error.log","coreLogger":{},"type":"application"}
2017-08-01 10:48:19,761 INFO 5277 [egg-schedule]: register schedule egg-schedule:/Users/zhanglitao/git/egg-example/node_modules/egg-logrotator/app/schedule/clean_log.js
2017-08-01 10:48:19,762 INFO 5277 [egg-schedule]: register schedule egg-schedule:/Users/zhanglitao/git/egg-example/node_modules/egg-logrotator/app/schedule/rotate_by_file.js
2017-08-01 10:48:19,802 INFO 5277 [egg-static] starting static serve /public/ -> /Users/zhanglitao/git/egg-example/app/public
2017-08-01 10:48:19,805 INFO 5277 [egg-security] use csrf middleware
2017-08-01 10:48:19,805 INFO 5277 [egg-security] use methodnoallow middleware
2017-08-01 10:48:19,806 INFO 5277 [egg-security] use noopen middleware
2017-08-01 10:48:19,806 INFO 5277 [egg-security] use nosniff middleware
2017-08-01 10:48:19,806 INFO 5277 [egg-security] use xssProtection middleware
2017-08-01 10:48:19,807 INFO 5277 [egg-security] use xframe middleware
2017-08-01 10:48:19,807 INFO 5277 [egg-security] use dta middleware
2017-08-01 10:48:19,807 INFO 5277 [egg-security] compose 7 middlewares into one security middleware
2017-08-01 10:48:19,827 INFO 5277 [egg-watcher:app] watcher start success
2017-08-01 11:57:15,498 INFO 5729 [egg:logger] init all loggers with options: {"dir":"/Users/zhanglitao/git/egg-example/logs/egg-example","encoding":"utf8","env":"local","level":"INFO","consoleLevel":"INFO","disableConsoleAfterReady":false,"outputJSON":false,"buffer":true,"appLogName":"egg-example-web.log","coreLogName":"egg-web.log","agentLogName":"egg-agent.log","errorLogName":"common-error.log","coreLogger":{"consoleLevel":"WARN"},"type":"application"}
2017-08-01 11:57:15,521 INFO 5729 [egg-schedule]: register schedule egg-schedule:/Users/zhanglitao/git/egg-example/node_modules/egg-logrotator/app/schedule/clean_log.js
2017-08-01 11:57:15,521 INFO 5729 [egg-schedule]: register schedule egg-schedule:/Users/zhanglitao/git/egg-example/node_modules/egg-logrotator/app/schedule/rotate_by_file.js
2017-08-01 11:57:15,576 INFO 5729 [egg-static] starting static serve /public/ -> /Users/zhanglitao/git/egg-example/app/public
2017-08-01 11:57:15,580 INFO 5729 [egg-security] use csrf middleware
2017-08-01 11:57:15,582 INFO 5729 [egg-security] use methodnoallow middleware
2017-08-01 11:57:15,583 INFO 5729 [egg-security] use noopen middleware
2017-08-01 11:57:15,583 INFO 5729 [egg-security] use nosniff middleware
2017-08-01 11:57:15,583 INFO 5729 [egg-security] use xssProtection middleware
2017-08-01 11:57:15,584 INFO 5729 [egg-security] use xframe middleware
2017-08-01 11:57:15,584 INFO 5729 [egg-security] use dta middleware
2017-08-01 11:57:15,584 INFO 5729 [egg-security] compose 7 middlewares into one security middleware
2017-08-01 11:57:15,640 INFO 5729 [egg-watcher:app] watcher start success
2017-08-01 11:57:26,575 INFO 5729 [egg-view-nunjucks] loading templates from ["/Users/zhanglitao/git/egg-example/app/view"]
2017-08-01 12:04:17,746 INFO 5750 [egg:logger] init all loggers with options: {"dir":"/Users/zhanglitao/git/egg-example/logs/egg-example","encoding":"utf8","env":"local","level":"INFO","consoleLevel":"INFO","disableConsoleAfterReady":false,"outputJSON":false,"buffer":true,"appLogName":"egg-example-web.log","coreLogName":"egg-web.log","agentLogName":"egg-agent.log","errorLogName":"common-error.log","coreLogger":{"consoleLevel":"WARN"},"type":"application"}
2017-08-01 12:04:17,775 INFO 5750 [egg-schedule]: register schedule egg-schedule:/Users/zhanglitao/git/egg-example/node_modules/egg-logrotator/app/schedule/clean_log.js
2017-08-01 12:04:17,775 INFO 5750 [egg-schedule]: register schedule egg-schedule:/Users/zhanglitao/git/egg-example/node_modules/egg-logrotator/app/schedule/rotate_by_file.js
2017-08-01 12:04:17,824 INFO 5750 [egg-static] starting static serve /public/ -> /Users/zhanglitao/git/egg-example/app/public
2017-08-01 12:04:17,827 INFO 5750 [egg-security] use csrf middleware
2017-08-01 12:04:17,829 INFO 5750 [egg-security] use methodnoallow middleware
2017-08-01 12:04:17,830 INFO 5750 [egg-security] use noopen middleware
2017-08-01 12:04:17,830 INFO 5750 [egg-security] use nosniff middleware
2017-08-01 12:04:17,831 INFO 5750 [egg-security] use xssProtection middleware
2017-08-01 12:04:17,831 INFO 5750 [egg-security] use xframe middleware
2017-08-01 12:04:17,831 INFO 5750 [egg-security] use dta middleware
2017-08-01 12:04:17,832 INFO 5750 [egg-security] compose 7 middlewares into one security middleware
2017-08-01 12:04:17,912 INFO 5750 [egg-watcher:app] watcher start success
2017-08-01 14:46:13,105 INFO 6064 [egg:logger] init all loggers with options: {"dir":"/Users/zhanglitao/git/egg-example/logs/egg-example","encoding":"utf8","env":"local","level":"INFO","consoleLevel":"INFO","disableConsoleAfterReady":false,"outputJSON":false,"buffer":true,"appLogName":"egg-example-web.log","coreLogName":"egg-web.log","agentLogName":"egg-agent.log","errorLogName":"common-error.log","coreLogger":{"consoleLevel":"WARN"},"type":"application"}
2017-08-01 14:46:13,128 INFO 6064 [egg-schedule]: register schedule egg-schedule:/Users/zhanglitao/git/egg-example/node_modules/egg-logrotator/app/schedule/clean_log.js
2017-08-01 14:46:13,128 INFO 6064 [egg-schedule]: register schedule egg-schedule:/Users/zhanglitao/git/egg-example/node_modules/egg-logrotator/app/schedule/rotate_by_file.js
2017-08-01 14:46:13,163 INFO 6064 [egg-static] starting static serve /public/ -> /Users/zhanglitao/git/egg-example/app/public
2017-08-01 14:46:13,165 INFO 6064 [egg-security] use csrf middleware
2017-08-01 14:46:13,166 INFO 6064 [egg-security] use methodnoallow middleware
2017-08-01 14:46:13,166 INFO 6064 [egg-security] use noopen middleware
2017-08-01 14:46:13,166 INFO 6064 [egg-security] use nosniff middleware
2017-08-01 14:46:13,167 INFO 6064 [egg-security] use xssProtection middleware
2017-08-01 14:46:13,167 INFO 6064 [egg-security] use xframe middleware
2017-08-01 14:46:13,167 INFO 6064 [egg-security] use dta middleware
2017-08-01 14:46:13,167 INFO 6064 [egg-security] compose 7 middlewares into one security middleware
2017-08-01 14:46:13,201 INFO 6064 [egg-watcher:app] watcher start success
2017-08-01 14:46:25,655 INFO 6064 [egg-view-nunjucks] loading templates from ["/Users/zhanglitao/git/egg-example/app/view"]
2017-08-01 16:03:25,263 INFO 6379 [egg:logger] init all loggers with options: {"dir":"/Users/zhanglitao/git/egg-example/logs/egg-example","encoding":"utf8","env":"local","level":"INFO","consoleLevel":"INFO","disableConsoleAfterReady":false,"outputJSON":false,"buffer":true,"appLogName":"egg-example-web.log","coreLogName":"egg-web.log","agentLogName":"egg-agent.log","errorLogName":"common-error.log","coreLogger":{"consoleLevel":"WARN"},"type":"application"}
2017-08-01 16:03:25,293 INFO 6379 [egg-schedule]: register schedule egg-schedule:/Users/zhanglitao/git/egg-example/node_modules/egg-logrotator/app/schedule/clean_log.js
2017-08-01 16:03:25,293 INFO 6379 [egg-schedule]: register schedule egg-schedule:/Users/zhanglitao/git/egg-example/node_modules/egg-logrotator/app/schedule/rotate_by_file.js
2017-08-01 16:03:25,351 INFO 6379 [egg-static] starting static serve /public/ -> /Users/zhanglitao/git/egg-example/app/public
2017-08-01 16:03:25,353 INFO 6379 [egg-security] use csrf middleware
2017-08-01 16:03:25,354 INFO 6379 [egg-security] use methodnoallow middleware
2017-08-01 16:03:25,355 INFO 6379 [egg-security] use noopen middleware
2017-08-01 16:03:25,356 INFO 6379 [egg-security] use nosniff middleware
2017-08-01 16:03:25,356 INFO 6379 [egg-security] use xssProtection middleware
2017-08-01 16:03:25,357 INFO 6379 [egg-security] use xframe middleware
2017-08-01 16:03:25,358 INFO 6379 [egg-security] use dta middleware
2017-08-01 16:03:25,358 INFO 6379 [egg-security] compose 7 middlewares into one security middleware
2017-08-01 16:03:25,398 INFO 6379 [egg-watcher:app] watcher start success
2017-08-01 16:36:22,754 INFO 6379 [egg-view-nunjucks] loading templates from ["/Users/zhanglitao/git/egg-example/app/view"]
